[2018-11-27T11:54:56.835] [INFO] users - User is Registered SuccessFully with Token :: eyJhbGciOiJIUzI1NiIsInR5cCI6IkpXVCJ9.eyJfaWQiOiI1YmZjZTMzOGNjMDc1YTI0OTE3MzJjZjQiLCJpYXQiOjE1NDMyOTk4OTYsImV4cCI6MTU0MzM0MzA5Nn0.mVX4dNFUaTEKLHfnKAUAFVgG7dq9mS_bEwfxjakoNhI
[2018-11-27T12:08:21.350] [INFO] users - Login SucessFull ! with Token :: eyJhbGciOiJIUzI1NiIsInR5cCI6IkpXVCJ9.eyJfaWQiOiI1YmZjZTMzOGNjMDc1YTI0OTE3MzJjZjQiLCJpYXQiOjE1NDMzMDA3MDEsImV4cCI6MTU0MzM0MzkwMX0.XxIA_7cXJxhcbtRx9VUF8iOpkWvgHbekWO8xinLi_5o
[2018-11-27T12:08:53.681] [INFO] users - Login SucessFull ! with Token :: eyJhbGciOiJIUzI1NiIsInR5cCI6IkpXVCJ9.eyJfaWQiOiI1YmYyNTI0NTQwZjg0NjJhNGUxZjYxZGEiLCJpYXQiOjE1NDMzMDA3MzMsImV4cCI6MTU0MzM0MzkzM30.95NJ074qJiLNSRl57woEI1DQaMkj3T73zERB0uioIig
[2018-11-27T12:09:52.083] [INFO] users - Login SucessFull ! with Token :: eyJhbGciOiJIUzI1NiIsInR5cCI6IkpXVCJ9.eyJfaWQiOiI1YmYyNTI0NTQwZjg0NjJhNGUxZjYxZGEiLCJpYXQiOjE1NDMzMDA3OTIsImV4cCI6MTU0MzM0Mzk5Mn0.r5dhlyEs7d7ayo6jc4rur4UH8xfKaAipmL31epm1G2M
[2018-11-27T12:10:13.503] [INFO] users - Login SucessFull ! with Token :: eyJhbGciOiJIUzI1NiIsInR5cCI6IkpXVCJ9.eyJfaWQiOiI1YmZjZTMzOGNjMDc1YTI0OTE3MzJjZjQiLCJpYXQiOjE1NDMzMDA4MTMsImV4cCI6MTU0MzM0NDAxM30.MujQIeZpgalVA7lL40qsjfKAQrHM0A9l6-awz9oRON4
[2018-11-27T12:16:23.581] [INFO] users - Login SucessFull ! with Token :: eyJhbGciOiJIUzI1NiIsInR5cCI6IkpXVCJ9.eyJfaWQiOiI1YmYyMjEyZDc4MTMyMjEzY2ZiMGRhYmYiLCJpYXQiOjE1NDMzMDExODMsImV4cCI6MTU0MzM0NDM4M30.NWGmvEtJ3HTKmdO6mtpZduqO5T1zBEO1yx90vrxnDrg
[2018-11-27T12:16:37.618] [INFO] users - Login SucessFull ! with Token :: eyJhbGciOiJIUzI1NiIsInR5cCI6IkpXVCJ9.eyJfaWQiOiI1YmZjZTMzOGNjMDc1YTI0OTE3MzJjZjQiLCJpYXQiOjE1NDMzMDExOTcsImV4cCI6MTU0MzM0NDM5N30.d_7ILh0cW0NLxKDG7rACq8h1rVzVCLNe1RPs5irPj3Y
[2018-11-27T12:17:42.928] [INFO] users - User is Registered SuccessFully with Token :: eyJhbGciOiJIUzI1NiIsInR5cCI6IkpXVCJ9.eyJfaWQiOiI1YmZjZTg4ZTIzYTg4ZDI4Y2Y3NTJiZTAiLCJpYXQiOjE1NDMzMDEyNjIsImV4cCI6MTU0MzM0NDQ2Mn0.IA-ZxyrRAieIzVGZlpIYDeAaK8pjl0AQnn-XNmQdpm8
[2018-11-27T16:35:54.651] [INFO] users - Login SucessFull ! with Token :: eyJhbGciOiJIUzI1NiIsInR5cCI6IkpXVCJ9.eyJfaWQiOiI1YmYyNTI0NTQwZjg0NjJhNGUxZjYxZGEiLCJpYXQiOjE1NDMzMTY3NTQsImV4cCI6MTU0MzM1OTk1NH0.8W-to9_HcoR8oTGO3WDW_PAK0BVpB8d5iBwHM9ZqgaI
[2018-12-09T15:26:51.980] [INFO] users - Login SucessFull ! with Token :: eyJhbGciOiJIUzI1NiIsInR5cCI6IkpXVCJ9.eyJfaWQiOiI1YmYyNTI0NTQwZjg0NjJhNGUxZjYxZGEiLCJpYXQiOjE1NDQzNDk0MTEsImV4cCI6MTU0NDM5MjYxMX0.GuOKk5dlIzJVxEVEYy7TC2GBX-agWGCV-qEli7oWyKk
[2018-12-09T15:27:59.426] [INFO] users - User is Registered SuccessFully with Token :: eyJhbGciOiJIUzI1NiIsInR5cCI6IkpXVCJ9.eyJfaWQiOiI1YzBjZTcyN2EwMmY4OTE2ZTIzZjYzNzQiLCJpYXQiOjE1NDQzNDk0NzksImV4cCI6MTU0NDM5MjY3OX0.mp6N9re382i2KoTGwpKicSn3mVJHh0_M2bwFw1Zi7pQ
[2018-12-09T15:33:29.794] [INFO] users - Login SucessFull ! with Token :: eyJhbGciOiJIUzI1NiIsInR5cCI6IkpXVCJ9.eyJfaWQiOiI1YzBjZTcyN2EwMmY4OTE2ZTIzZjYzNzQiLCJpYXQiOjE1NDQzNDk4MDksImV4cCI6MTU0NDM5MzAwOX0.3NDGxL0QqtB125aZo4_NiKSq-BOQ84mO3IOb_eSX81M
[2018-12-09T16:03:12.471] [ERROR] error - Invalid Password ! Not Match
[2018-12-09T16:03:16.601] [ERROR] error - Invalid Password ! Not Match
[2018-12-09T16:03:20.831] [ERROR] error - Invalid Password ! Not Match
[2018-12-09T16:03:26.981] [INFO] users - Login SucessFull ! with Token :: eyJhbGciOiJIUzI1NiIsInR5cCI6IkpXVCJ9.eyJfaWQiOiI1YmYyNTI0NTQwZjg0NjJhNGUxZjYxZGEiLCJpYXQiOjE1NDQzNTE2MDYsImV4cCI6MTU0NDM5NDgwNn0.jxiY-RmNGQJdomsjtUOPNd1ZthGlsSDzNohm9FIz5LY
[2019-01-21T08:39:54.171] [ERROR] error - Invalid Password ! Not Match
[2019-01-21T08:40:36.027] [INFO] users - User is Registered SuccessFully with Token :: eyJhbGciOiJIUzI1NiIsInR5cCI6IkpXVCJ9.eyJfaWQiOiI1YzQ1MzgyYjU1MjUzZjE1NDdjMjI1ZDkiLCJpYXQiOjE1NDgwNDAyMzYsImV4cCI6MTU0ODA4MzQzNn0.MNt2i6rfIoy-CxVHH0Zf-CyfZrlQ1yMFqsR1vee7KvQ
[2019-01-22T18:58:26.546] [ERROR] error - Invalid Password ! Not Match
[2019-01-22T18:58:34.326] [ERROR] error - Invalid Password ! Not Match
[2019-01-22T18:58:36.163] [ERROR] error - Invalid Password ! Not Match
[2019-01-22T18:58:59.640] [INFO] users - User is Registered SuccessFully with Token :: eyJhbGciOiJIUzI1NiIsInR5cCI6IkpXVCJ9.eyJfaWQiOiI1YzQ3MWE5YmI0NDgxNjI3OWQyOWNhODMiLCJpYXQiOjE1NDgxNjM3MzksImV4cCI6MTU0ODIwNjkzOX0.IC_wiFBKcufPfxDeI2dCkSLDS8jt2374XTjVhHdsS_0
[2019-03-11T14:53:11.608] [INFO] users - User is Registered SuccessFully with Token :: eyJhbGciOiJIUzI1NiIsInR5cCI6IkpXVCJ9.eyJfaWQiOiI1Yzg2MjhmZmI2MzNlNjUxMzFmNGViM2YiLCJpYXQiOjE1NTIyOTYxOTEsImV4cCI6MTU1MjMzOTM5MX0.7WrRQceIYKMNFJdqCXoq1LtXJBoHWW_fv0Gw1wpgs3o
[2019-03-11T14:53:54.745] [INFO] users - Login SucessFull ! with Token :: eyJhbGciOiJIUzI1NiIsInR5cCI6IkpXVCJ9.eyJfaWQiOiI1Yzg2MjhmZmI2MzNlNjUxMzFmNGViM2YiLCJpYXQiOjE1NTIyOTYyMzQsImV4cCI6MTU1MjMzOTQzNH0.Z1gtIuQoKyb3i_D8gPb-cAXbbluAoUAwHrs1I63a0qY
