[2018-10-24T11:33:50.778] [ERROR] error - Failed to Register a User ..Internal Server Error
[2018-10-25T10:16:16.408] [ERROR] error - Token Not Found !
[2018-10-25T10:16:20.601] [ERROR] error - Failed To authencate Token :: Invlaid Token {Unautherized User Incedent Reported}
[2018-10-25T10:16:55.716] [ERROR] error - Token Not Found !
[2018-11-14T16:19:05.177] [ERROR] error - Required Feilds are Missing For Log In
[2018-11-14T16:19:07.654] [ERROR] error - Required Feilds are Missing For Log In
[2018-11-14T16:19:08.481] [ERROR] error - Required Feilds are Missing For Log In
[2018-11-14T16:19:08.604] [ERROR] error - Required Feilds are Missing For Log In
[2018-11-14T16:19:09.279] [ERROR] error - Required Feilds are Missing For Log In
[2018-11-14T16:19:09.423] [ERROR] error - Required Feilds are Missing For Log In
[2018-11-14T16:19:55.099] [ERROR] error - Required Feilds are Missing For Log In
[2018-11-14T16:19:56.026] [ERROR] error - Required Feilds are Missing For Log In
[2018-11-14T16:19:56.176] [ERROR] error - Required Feilds are Missing For Log In
[2018-11-14T16:19:56.731] [ERROR] error - Required Feilds are Missing For Log In
[2018-11-14T16:19:56.899] [ERROR] error - Required Feilds are Missing For Log In
[2018-11-14T16:19:57.082] [ERROR] error - Required Feilds are Missing For Log In
[2018-11-14T16:19:57.255] [ERROR] error - Required Feilds are Missing For Log In
[2018-11-14T16:19:57.407] [ERROR] error - Required Feilds are Missing For Log In
[2018-11-14T16:19:57.573] [ERROR] error - Required Feilds are Missing For Log In
[2018-11-14T16:19:57.955] [ERROR] error - Required Feilds are Missing For Log In
[2018-11-14T16:19:59.501] [ERROR] error - Required Feilds are Missing For Log In
[2018-11-14T16:43:33.989] [ERROR] error - User Not Found! Get Registered
[2018-11-14T16:45:03.214] [ERROR] error - Invalid Password ! Not Match
[2018-11-14T16:45:09.174] [ERROR] error - Invalid Password ! Not Match
[2018-11-14T16:46:50.910] [ERROR] error - Invalid Password ! Not Match
[2018-11-14T16:46:52.682] [ERROR] error - Invalid Password ! Not Match
[2018-11-14T16:47:38.630] [ERROR] error - Invalid Password ! Not Match
[2018-11-14T16:54:30.042] [ERROR] error - User Not Found! Get Registered
[2018-11-14T16:56:35.428] [ERROR] error - Invalid Password ! Not Match
[2018-11-14T17:16:11.177] [ERROR] error - Failed To Register a User, Required Feilds are Missing
[2018-11-14T17:18:04.128] [ERROR] error - Failed To Register a User, Required Feilds are Missing
[2018-11-14T17:19:16.357] [ERROR] error - Failed To Register a User, Required Feilds are Missing
[2018-11-14T17:19:46.283] [ERROR] error - Failed To Register a User, Required Feilds are Missing
[2018-11-19T07:59:43.133] [ERROR] error - Invalid Password ! Not Match
[2018-11-19T08:03:21.675] [ERROR] error - Invalid Password ! Not Match
[2018-11-19T08:04:52.617] [ERROR] error - Failed to Register a User ..Internal Server Error
[2018-11-19T08:04:55.110] [ERROR] error - Failed to Register a User ..Internal Server Error
[2018-11-19T11:28:23.291] [ERROR] error - Failed to Register a User ..Internal Server Error
[2018-11-19T11:33:07.238] [ERROR] error - Failed To Register a User, Required Feilds are Missing
[2018-11-19T11:33:33.098] [ERROR] error - Failed to Register a User ..Internal Server Error
[2018-11-19T12:41:06.671] [ERROR] error - User Not Found! Get Registered
[2018-11-19T12:41:23.915] [ERROR] error - Invalid Password ! Not Match
[2018-11-19T12:41:34.289] [ERROR] error - User Not Found! Get Registered
[2018-11-19T12:42:05.962] [ERROR] error - Invalid Password ! Not Match
[2018-11-19T12:42:18.287] [ERROR] error - User Not Found! Get Registered
[2018-11-19T12:42:32.546] [ERROR] error - User Not Found! Get Registered
[2018-11-19T12:42:35.605] [ERROR] error - User Not Found! Get Registered
[2018-11-22T10:50:53.760] [ERROR] error - Invalid Password ! Not Match
[2018-11-22T10:51:02.592] [ERROR] error - Invalid Password ! Not Match
[2018-11-22T10:51:27.404] [ERROR] error - Invalid Password ! Not Match
[2018-11-22T11:01:47.680] [ERROR] error - Invalid Password ! Not Match
[2018-11-22T11:01:59.650] [ERROR] error - Invalid Password ! Not Match
[2018-11-22T11:02:03.582] [ERROR] error - Invalid Password ! Not Match
[2018-11-22T11:02:10.087] [ERROR] error - Invalid Password ! Not Match
[2018-11-26T12:17:08.920] [ERROR] error - Invalid Password ! Not Match
[2018-11-26T12:17:18.876] [ERROR] error - Invalid Password ! Not Match
[2018-11-26T12:17:22.735] [ERROR] error - Invalid Password ! Not Match
[2018-11-26T12:17:24.229] [ERROR] error - Invalid Password ! Not Match
[2018-11-26T16:25:48.701] [ERROR] error - Failed to Register a User ..Internal Server Error
[2018-11-26T16:25:51.498] [ERROR] error - Failed to Register a User ..Internal Server Error
[2018-11-26T16:25:54.814] [ERROR] error - Failed to Register a User ..Internal Server Error
[2018-11-26T16:25:58.673] [ERROR] error - Failed to Register a User ..Internal Server Error
[2018-11-26T16:34:30.430] [ERROR] error - Failed to Register a User ..Internal Server Error
[2018-12-09T16:03:12.471] [ERROR] error - Invalid Password ! Not Match
[2018-12-09T16:03:16.601] [ERROR] error - Invalid Password ! Not Match
[2018-12-09T16:03:20.831] [ERROR] error - Invalid Password ! Not Match
[2019-01-21T08:39:54.171] [ERROR] error - Invalid Password ! Not Match
[2019-01-22T18:58:26.546] [ERROR] error - Invalid Password ! Not Match
[2019-01-22T18:58:34.326] [ERROR] error - Invalid Password ! Not Match
[2019-01-22T18:58:36.163] [ERROR] error - Invalid Password ! Not Match
